2023-08-18 03:02:06,075 [Worker-1: Loading available Gradle versions] INFO  o.e.b.c.i.u.g.PublishedGradleVersions - Gradle version information cache is up-to-date. Trying to read.
2023-08-18 03:02:33,398 [Worker-0: Update Maven projects configuration] INFO  o.e.m.c.i.p.ProjectConfigurationManager - Update started
2023-08-18 03:02:36,863 [Worker-0: Update Maven projects configuration] INFO  o.e.m.c.i.l.LifecycleMappingFactory - Using org.maven.ide.eclipse.wtp.WarLifecycleMapping lifecycle mapping for MavenProject: com.yuhan:loco:0.0.1-SNAPSHOT @ C:\Users\Ryu\Downloads\Graduation_Project-Frontend (1)\Graduation_Project-Frontend\loco\pom.xml.
2023-08-18 03:02:44,067 [Worker-0: Update Maven projects configuration] INFO  o.e.m.j.i.AbstractJavaProjectConfigurator - Adding source folder /loco/src/main/java
2023-08-18 03:02:44,070 [Worker-0: Update Maven projects configuration] INFO  o.e.m.j.i.AbstractJavaProjectConfigurator - Adding resource folder /loco/src/main/resources
2023-08-18 03:02:44,083 [Worker-0: Update Maven projects configuration] INFO  o.e.m.j.i.AbstractJavaProjectConfigurator - Adding resource folder /loco/src/main/resources
2023-08-18 03:02:44,099 [Worker-0: Update Maven projects configuration] INFO  o.e.m.j.i.AbstractJavaProjectConfigurator - Adding source folder /loco/src/test/java
2023-08-18 03:02:44,543 [Worker-4: Building] INFO  o.a.m.s.f.DefaultMavenResourcesFiltering - Copying 1 resource from src\main\resources to target\classes
2023-08-18 03:02:44,564 [Worker-4: Building] INFO  o.a.m.s.f.DefaultMavenResourcesFiltering - Copying 28 resources from src\main\resources to target\classes
2023-08-18 03:02:44,675 [Worker-4: Building] INFO  o.a.m.s.f.DefaultMavenResourcesFiltering - skip non existing resourceDirectory C:\Users\Ryu\Downloads\Graduation_Project-Frontend (1)\Graduation_Project-Frontend\loco\src\test\resources
2023-08-18 03:02:47,029 [Worker-5: Building] INFO  o.a.m.s.f.DefaultMavenResourcesFiltering - Copying 1 resource from src\main\resources to target\classes
2023-08-18 03:02:47,036 [Worker-5: Building] INFO  o.a.m.s.f.DefaultMavenResourcesFiltering - Copying 28 resources from src\main\resources to target\classes
2023-08-18 03:02:47,261 [Worker-5: Building] INFO  o.a.m.s.f.DefaultMavenResourcesFiltering - skip non existing resourceDirectory C:\Users\Ryu\Downloads\Graduation_Project-Frontend (1)\Graduation_Project-Frontend\loco\src\test\resources
2023-08-18 03:02:48,971 [Worker-0: Update Maven projects configuration] INFO  o.e.m.c.i.p.ProjectConfigurationManager - Update completed for 1 poms: local refresh takes 0.00 sec, refresh facades takes 9.00 sec, update config takes 6.00 sec 
2023-08-18 03:02:49,716 [Worker-6: Building] INFO  o.a.m.s.f.DefaultMavenResourcesFiltering - Copying 1 resource from src\main\resources to target\classes
2023-08-18 03:02:49,723 [Worker-6: Building] INFO  o.a.m.s.f.DefaultMavenResourcesFiltering - Copying 28 resources from src\main\resources to target\classes
2023-08-18 03:02:49,872 [Worker-6: Building] INFO  o.a.m.s.f.DefaultMavenResourcesFiltering - skip non existing resourceDirectory C:\Users\Ryu\Downloads\Graduation_Project-Frontend (1)\Graduation_Project-Frontend\loco\src\test\resources
2023-08-18 03:06:57,991 [Worker-10: Building] INFO  o.a.m.s.f.DefaultMavenResourcesFiltering - Copying 1 resource from src\main\resources to target\classes
2023-08-18 03:06:58,002 [Worker-10: Building] INFO  o.a.m.s.f.DefaultMavenResourcesFiltering - Copying 28 resources from src\main\resources to target\classes
2023-08-18 03:06:58,018 [Worker-10: Building] INFO  o.a.m.s.f.DefaultMavenResourcesFiltering - skip non existing resourceDirectory C:\Users\Ryu\Downloads\Graduation_Project-Frontend (1)\Graduation_Project-Frontend\loco\src\test\resources
2023-08-18 03:07:22,191 [Worker-6: Building] INFO  o.a.m.s.f.DefaultMavenResourcesFiltering - Copying 1 resource from src\main\resources to target\classes
2023-08-18 03:07:22,198 [Worker-6: Building] INFO  o.a.m.s.f.DefaultMavenResourcesFiltering - Copying 28 resources from src\main\resources to target\classes
2023-08-18 03:07:22,230 [Worker-6: Building] INFO  o.a.m.s.f.DefaultMavenResourcesFiltering - skip non existing resourceDirectory C:\Users\Ryu\Downloads\Graduation_Project-Frontend (1)\Graduation_Project-Frontend\loco\src\test\resources
2023-08-18 03:09:49,322 [Worker-7: Building] INFO  o.a.m.s.f.DefaultMavenResourcesFiltering - Copying 0 resource from src\main\resources to target\classes
2023-08-18 03:09:49,323 [Worker-7: Building] INFO  o.a.m.s.f.DefaultMavenResourcesFiltering - Copying 0 resource from src\main\resources to target\classes
2023-08-18 03:09:49,325 [Worker-7: Building] INFO  o.a.m.s.f.DefaultMavenResourcesFiltering - skip non existing resourceDirectory C:\Users\Ryu\Downloads\Graduation_Project-Frontend (1)\Graduation_Project-Frontend\loco\src\test\resources
2023-08-18 03:09:58,150 [Worker-15: Building] INFO  o.a.m.s.f.DefaultMavenResourcesFiltering - Copying 0 resource from src\main\resources to target\classes
2023-08-18 03:09:58,150 [Worker-15: Building] INFO  o.a.m.s.f.DefaultMavenResourcesFiltering - Copying 0 resource from src\main\resources to target\classes
2023-08-18 03:09:58,153 [Worker-15: Building] INFO  o.a.m.s.f.DefaultMavenResourcesFiltering - skip non existing resourceDirectory C:\Users\Ryu\Downloads\Graduation_Project-Frontend (1)\Graduation_Project-Frontend\loco\src\test\resources
2023-08-18 03:10:00,684 [Worker-15: Building] INFO  o.a.m.s.f.DefaultMavenResourcesFiltering - Copying 0 resource from src\main\resources to target\classes
2023-08-18 03:10:00,684 [Worker-15: Building] INFO  o.a.m.s.f.DefaultMavenResourcesFiltering - Copying 0 resource from src\main\resources to target\classes
2023-08-18 03:10:00,690 [Worker-15: Building] INFO  o.a.m.s.f.DefaultMavenResourcesFiltering - skip non existing resourceDirectory C:\Users\Ryu\Downloads\Graduation_Project-Frontend (1)\Graduation_Project-Frontend\loco\src\test\resources
2023-08-18 03:30:54,174 [Worker-21: Building] INFO  o.a.m.s.f.DefaultMavenResourcesFiltering - Copying 0 resource from src\main\resources to target\classes
2023-08-18 03:30:54,174 [Worker-21: Building] INFO  o.a.m.s.f.DefaultMavenResourcesFiltering - Copying 0 resource from src\main\resources to target\classes
2023-08-18 03:30:54,179 [Worker-21: Building] INFO  o.a.m.s.f.DefaultMavenResourcesFiltering - skip non existing resourceDirectory C:\Users\Ryu\Downloads\Graduation_Project-Frontend (1)\Graduation_Project-Frontend\loco\src\test\resources
2023-08-18 03:31:07,762 [Worker-22: Building] INFO  o.a.m.s.f.DefaultMavenResourcesFiltering - Copying 1 resource from src\main\resources to target\classes
2023-08-18 03:31:07,777 [Worker-22: Building] INFO  o.a.m.s.f.DefaultMavenResourcesFiltering - Copying 28 resources from src\main\resources to target\classes
2023-08-18 03:31:07,794 [Worker-22: Building] INFO  o.a.m.s.f.DefaultMavenResourcesFiltering - skip non existing resourceDirectory C:\Users\Ryu\Downloads\Graduation_Project-Frontend (1)\Graduation_Project-Frontend\loco\src\test\resources
2023-08-18 03:31:54,183 [Worker-22: Building] INFO  o.a.m.s.f.DefaultMavenResourcesFiltering - Copying 1 resource from src\main\resources to target\classes
2023-08-18 03:31:54,194 [Worker-22: Building] INFO  o.a.m.s.f.DefaultMavenResourcesFiltering - Copying 28 resources from src\main\resources to target\classes
2023-08-18 03:31:54,216 [Worker-22: Building] INFO  o.a.m.s.f.DefaultMavenResourcesFiltering - skip non existing resourceDirectory C:\Users\Ryu\Downloads\Graduation_Project-Frontend (1)\Graduation_Project-Frontend\loco\src\test\resources
2023-08-18 03:40:20,406 [Worker-24: Launching loco - LocoApplication] INFO  o.a.m.s.f.DefaultMavenResourcesFiltering - Copying 1 resource from src\main\resources to target\classes
2023-08-18 03:40:20,421 [Worker-24: Launching loco - LocoApplication] INFO  o.a.m.s.f.DefaultMavenResourcesFiltering - Copying 28 resources from src\main\resources to target\classes
2023-08-18 03:40:20,437 [Worker-24: Launching loco - LocoApplication] INFO  o.a.m.s.f.DefaultMavenResourcesFiltering - skip non existing resourceDirectory C:\Users\Ryu\Downloads\Graduation_Project-Frontend (1)\Graduation_Project-Frontend\loco\src\test\resources
2023-08-18 03:41:31,541 [Worker-30: Launching loco - LocoApplication] INFO  o.a.m.s.f.DefaultMavenResourcesFiltering - Copying 1 resource from src\main\resources to target\classes
2023-08-18 03:41:31,556 [Worker-30: Launching loco - LocoApplication] INFO  o.a.m.s.f.DefaultMavenResourcesFiltering - Copying 28 resources from src\main\resources to target\classes
2023-08-18 03:41:31,576 [Worker-30: Launching loco - LocoApplication] INFO  o.a.m.s.f.DefaultMavenResourcesFiltering - skip non existing resourceDirectory C:\Users\Ryu\Downloads\Graduation_Project-Frontend (1)\Graduation_Project-Frontend\loco\src\test\resources
2023-08-18 04:02:18,216 [Worker-47: Launching loco - LocoApplication] INFO  o.a.m.s.f.DefaultMavenResourcesFiltering - Copying 1 resource from src\main\resources to target\classes
2023-08-18 04:02:18,225 [Worker-47: Launching loco - LocoApplication] INFO  o.a.m.s.f.DefaultMavenResourcesFiltering - Copying 28 resources from src\main\resources to target\classes
2023-08-18 04:02:18,236 [Worker-47: Launching loco - LocoApplication] INFO  o.a.m.s.f.DefaultMavenResourcesFiltering - skip non existing resourceDirectory C:\Users\Ryu\Downloads\Graduation_Project-Frontend (1)\Graduation_Project-Frontend\loco\src\test\resources
2023-08-18 04:12:31,404 [Worker-50: Launching loco - LocoApplication] INFO  o.a.m.s.f.DefaultMavenResourcesFiltering - Copying 1 resource from src\main\resources to target\classes
2023-08-18 04:12:31,415 [Worker-50: Launching loco - LocoApplication] INFO  o.a.m.s.f.DefaultMavenResourcesFiltering - Copying 28 resources from src\main\resources to target\classes
2023-08-18 04:12:31,426 [Worker-50: Launching loco - LocoApplication] INFO  o.a.m.s.f.DefaultMavenResourcesFiltering - skip non existing resourceDirectory C:\Users\Ryu\Downloads\Graduation_Project-Frontend (1)\Graduation_Project-Frontend\loco\src\test\resources
2023-08-18 04:19:01,987 [Worker-58: Launching loco - LocoApplication] INFO  o.a.m.s.f.DefaultMavenResourcesFiltering - Copying 1 resource from src\main\resources to target\classes
2023-08-18 04:19:01,996 [Worker-58: Launching loco - LocoApplication] INFO  o.a.m.s.f.DefaultMavenResourcesFiltering - Copying 28 resources from src\main\resources to target\classes
2023-08-18 04:19:02,020 [Worker-58: Launching loco - LocoApplication] INFO  o.a.m.s.f.DefaultMavenResourcesFiltering - skip non existing resourceDirectory C:\Users\Ryu\Downloads\Graduation_Project-Frontend (1)\Graduation_Project-Frontend\loco\src\test\resources
2023-08-18 04:41:21,386 [Worker-61: Launching loco - LocoApplication] INFO  o.a.m.s.f.DefaultMavenResourcesFiltering - Copying 1 resource from src\main\resources to target\classes
2023-08-18 04:41:21,396 [Worker-61: Launching loco - LocoApplication] INFO  o.a.m.s.f.DefaultMavenResourcesFiltering - Copying 28 resources from src\main\resources to target\classes
2023-08-18 04:41:21,409 [Worker-61: Launching loco - LocoApplication] INFO  o.a.m.s.f.DefaultMavenResourcesFiltering - skip non existing resourceDirectory C:\Users\Ryu\Downloads\Graduation_Project-Frontend (1)\Graduation_Project-Frontend\loco\src\test\resources
2023-08-18 04:43:52,700 [Worker-61: Launching loco - LocoApplication] INFO  o.a.m.s.f.DefaultMavenResourcesFiltering - Copying 1 resource from src\main\resources to target\classes
2023-08-18 04:43:52,710 [Worker-61: Launching loco - LocoApplication] INFO  o.a.m.s.f.DefaultMavenResourcesFiltering - Copying 28 resources from src\main\resources to target\classes
2023-08-18 04:43:52,727 [Worker-61: Launching loco - LocoApplication] INFO  o.a.m.s.f.DefaultMavenResourcesFiltering - skip non existing resourceDirectory C:\Users\Ryu\Downloads\Graduation_Project-Frontend (1)\Graduation_Project-Frontend\loco\src\test\resources
2023-08-18 04:50:58,843 [Worker-75: Launching loco - LocoApplication] INFO  o.a.m.s.f.DefaultMavenResourcesFiltering - Copying 1 resource from src\main\resources to target\classes
2023-08-18 04:50:58,857 [Worker-75: Launching loco - LocoApplication] INFO  o.a.m.s.f.DefaultMavenResourcesFiltering - Copying 28 resources from src\main\resources to target\classes
2023-08-18 04:50:58,875 [Worker-75: Launching loco - LocoApplication] INFO  o.a.m.s.f.DefaultMavenResourcesFiltering - skip non existing resourceDirectory C:\Users\Ryu\Downloads\Graduation_Project-Frontend (1)\Graduation_Project-Frontend\loco\src\test\resources
2023-08-18 04:51:23,675 [Worker-74: Launching loco - LocoApplication] INFO  o.a.m.s.f.DefaultMavenResourcesFiltering - Copying 1 resource from src\main\resources to target\classes
2023-08-18 04:51:23,682 [Worker-74: Launching loco - LocoApplication] INFO  o.a.m.s.f.DefaultMavenResourcesFiltering - Copying 28 resources from src\main\resources to target\classes
2023-08-18 04:51:23,696 [Worker-74: Launching loco - LocoApplication] INFO  o.a.m.s.f.DefaultMavenResourcesFiltering - skip non existing resourceDirectory C:\Users\Ryu\Downloads\Graduation_Project-Frontend (1)\Graduation_Project-Frontend\loco\src\test\resources
2023-08-18 04:52:38,431 [Worker-70: Launching loco - LocoApplication] INFO  o.a.m.s.f.DefaultMavenResourcesFiltering - Copying 1 resource from src\main\resources to target\classes
2023-08-18 04:52:38,439 [Worker-70: Launching loco - LocoApplication] INFO  o.a.m.s.f.DefaultMavenResourcesFiltering - Copying 28 resources from src\main\resources to target\classes
2023-08-18 04:52:38,452 [Worker-70: Launching loco - LocoApplication] INFO  o.a.m.s.f.DefaultMavenResourcesFiltering - skip non existing resourceDirectory C:\Users\Ryu\Downloads\Graduation_Project-Frontend (1)\Graduation_Project-Frontend\loco\src\test\resources
2023-08-18 04:53:23,225 [Worker-75: Launching loco - LocoApplication] INFO  o.a.m.s.f.DefaultMavenResourcesFiltering - Copying 1 resource from src\main\resources to target\classes
2023-08-18 04:53:23,234 [Worker-75: Launching loco - LocoApplication] INFO  o.a.m.s.f.DefaultMavenResourcesFiltering - Copying 28 resources from src\main\resources to target\classes
2023-08-18 04:53:23,249 [Worker-75: Launching loco - LocoApplication] INFO  o.a.m.s.f.DefaultMavenResourcesFiltering - skip non existing resourceDirectory C:\Users\Ryu\Downloads\Graduation_Project-Frontend (1)\Graduation_Project-Frontend\loco\src\test\resources
2023-08-18 04:55:13,130 [Worker-76: Launching loco - LocoApplication] INFO  o.a.m.s.f.DefaultMavenResourcesFiltering - Copying 1 resource from src\main\resources to target\classes
2023-08-18 04:55:13,142 [Worker-76: Launching loco - LocoApplication] INFO  o.a.m.s.f.DefaultMavenResourcesFiltering - Copying 28 resources from src\main\resources to target\classes
2023-08-18 04:55:13,157 [Worker-76: Launching loco - LocoApplication] INFO  o.a.m.s.f.DefaultMavenResourcesFiltering - skip non existing resourceDirectory C:\Users\Ryu\Downloads\Graduation_Project-Frontend (1)\Graduation_Project-Frontend\loco\src\test\resources
2023-08-18 04:56:33,838 [Worker-79: Launching loco - LocoApplication] INFO  o.a.m.s.f.DefaultMavenResourcesFiltering - Copying 1 resource from src\main\resources to target\classes
2023-08-18 04:56:33,846 [Worker-79: Launching loco - LocoApplication] INFO  o.a.m.s.f.DefaultMavenResourcesFiltering - Copying 28 resources from src\main\resources to target\classes
2023-08-18 04:56:33,858 [Worker-79: Launching loco - LocoApplication] INFO  o.a.m.s.f.DefaultMavenResourcesFiltering - skip non existing resourceDirectory C:\Users\Ryu\Downloads\Graduation_Project-Frontend (1)\Graduation_Project-Frontend\loco\src\test\resources
2023-08-18 04:57:10,780 [Worker-74: Launching loco - LocoApplication] INFO  o.a.m.s.f.DefaultMavenResourcesFiltering - Copying 1 resource from src\main\resources to target\classes
2023-08-18 04:57:10,790 [Worker-74: Launching loco - LocoApplication] INFO  o.a.m.s.f.DefaultMavenResourcesFiltering - Copying 28 resources from src\main\resources to target\classes
2023-08-18 04:57:10,816 [Worker-74: Launching loco - LocoApplication] INFO  o.a.m.s.f.DefaultMavenResourcesFiltering - skip non existing resourceDirectory C:\Users\Ryu\Downloads\Graduation_Project-Frontend (1)\Graduation_Project-Frontend\loco\src\test\resources
2023-08-18 04:59:06,973 [Worker-77: Launching loco - LocoApplication] INFO  o.a.m.s.f.DefaultMavenResourcesFiltering - Copying 1 resource from src\main\resources to target\classes
2023-08-18 04:59:06,983 [Worker-77: Launching loco - LocoApplication] INFO  o.a.m.s.f.DefaultMavenResourcesFiltering - Copying 28 resources from src\main\resources to target\classes
2023-08-18 04:59:06,995 [Worker-77: Launching loco - LocoApplication] INFO  o.a.m.s.f.DefaultMavenResourcesFiltering - skip non existing resourceDirectory C:\Users\Ryu\Downloads\Graduation_Project-Frontend (1)\Graduation_Project-Frontend\loco\src\test\resources
2023-08-18 05:00:54,781 [Worker-88: Launching loco - LocoApplication] INFO  o.a.m.s.f.DefaultMavenResourcesFiltering - Copying 1 resource from src\main\resources to target\classes
2023-08-18 05:00:54,790 [Worker-88: Launching loco - LocoApplication] INFO  o.a.m.s.f.DefaultMavenResourcesFiltering - Copying 28 resources from src\main\resources to target\classes
2023-08-18 05:00:54,802 [Worker-88: Launching loco - LocoApplication] INFO  o.a.m.s.f.DefaultMavenResourcesFiltering - skip non existing resourceDirectory C:\Users\Ryu\Downloads\Graduation_Project-Frontend (1)\Graduation_Project-Frontend\loco\src\test\resources
2023-08-18 05:01:24,811 [Worker-91: Launching loco - LocoApplication] INFO  o.a.m.s.f.DefaultMavenResourcesFiltering - Copying 1 resource from src\main\resources to target\classes
2023-08-18 05:01:24,819 [Worker-91: Launching loco - LocoApplication] INFO  o.a.m.s.f.DefaultMavenResourcesFiltering - Copying 28 resources from src\main\resources to target\classes
2023-08-18 05:01:24,832 [Worker-91: Launching loco - LocoApplication] INFO  o.a.m.s.f.DefaultMavenResourcesFiltering - skip non existing resourceDirectory C:\Users\Ryu\Downloads\Graduation_Project-Frontend (1)\Graduation_Project-Frontend\loco\src\test\resources
2023-08-18 05:12:56,624 [Worker-95: Launching loco - LocoApplication] INFO  o.a.m.s.f.DefaultMavenResourcesFiltering - Copying 1 resource from src\main\resources to target\classes
2023-08-18 05:12:56,632 [Worker-95: Launching loco - LocoApplication] INFO  o.a.m.s.f.DefaultMavenResourcesFiltering - Copying 28 resources from src\main\resources to target\classes
2023-08-18 05:12:56,645 [Worker-95: Launching loco - LocoApplication] INFO  o.a.m.s.f.DefaultMavenResourcesFiltering - skip non existing resourceDirectory C:\Users\Ryu\Downloads\Graduation_Project-Frontend (1)\Graduation_Project-Frontend\loco\src\test\resources
2023-08-18 05:14:14,840 [Worker-101: Launching loco - LocoApplication] INFO  o.a.m.s.f.DefaultMavenResourcesFiltering - Copying 0 resource from src\main\resources to target\classes
2023-08-18 05:14:14,841 [Worker-101: Launching loco - LocoApplication] INFO  o.a.m.s.f.DefaultMavenResourcesFiltering - Copying 1 resource from src\main\resources to target\classes
2023-08-18 05:14:14,845 [Worker-101: Launching loco - LocoApplication] INFO  o.a.m.s.f.DefaultMavenResourcesFiltering - skip non existing resourceDirectory C:\Users\Ryu\Downloads\Graduation_Project-Frontend (1)\Graduation_Project-Frontend\loco\src\test\resources
2023-08-18 05:23:42,763 [Worker-99: Launching loco - LocoApplication] INFO  o.a.m.s.f.DefaultMavenResourcesFiltering - Copying 1 resource from src\main\resources to target\classes
2023-08-18 05:23:42,773 [Worker-99: Launching loco - LocoApplication] INFO  o.a.m.s.f.DefaultMavenResourcesFiltering - Copying 28 resources from src\main\resources to target\classes
2023-08-18 05:23:42,783 [Worker-99: Launching loco - LocoApplication] INFO  o.a.m.s.f.DefaultMavenResourcesFiltering - skip non existing resourceDirectory C:\Users\Ryu\Downloads\Graduation_Project-Frontend (1)\Graduation_Project-Frontend\loco\src\test\resources
2023-08-18 05:26:00,891 [Worker-107: Launching loco - LocoApplication] INFO  o.a.m.s.f.DefaultMavenResourcesFiltering - Copying 1 resource from src\main\resources to target\classes
2023-08-18 05:26:00,899 [Worker-107: Launching loco - LocoApplication] INFO  o.a.m.s.f.DefaultMavenResourcesFiltering - Copying 28 resources from src\main\resources to target\classes
2023-08-18 05:26:00,915 [Worker-107: Launching loco - LocoApplication] INFO  o.a.m.s.f.DefaultMavenResourcesFiltering - skip non existing resourceDirectory C:\Users\Ryu\Downloads\Graduation_Project-Frontend (1)\Graduation_Project-Frontend\loco\src\test\resources
2023-08-18 05:26:25,005 [Worker-110: Launching loco - LocoApplication] INFO  o.a.m.s.f.DefaultMavenResourcesFiltering - Copying 1 resource from src\main\resources to target\classes
2023-08-18 05:26:25,016 [Worker-110: Launching loco - LocoApplication] INFO  o.a.m.s.f.DefaultMavenResourcesFiltering - Copying 28 resources from src\main\resources to target\classes
2023-08-18 05:26:25,031 [Worker-110: Launching loco - LocoApplication] INFO  o.a.m.s.f.DefaultMavenResourcesFiltering - skip non existing resourceDirectory C:\Users\Ryu\Downloads\Graduation_Project-Frontend (1)\Graduation_Project-Frontend\loco\src\test\resources
2023-08-18 05:29:40,758 [Worker-99: Launching loco - LocoApplication] INFO  o.a.m.s.f.DefaultMavenResourcesFiltering - Copying 1 resource from src\main\resources to target\classes
2023-08-18 05:29:40,768 [Worker-99: Launching loco - LocoApplication] INFO  o.a.m.s.f.DefaultMavenResourcesFiltering - Copying 28 resources from src\main\resources to target\classes
2023-08-18 05:29:40,781 [Worker-99: Launching loco - LocoApplication] INFO  o.a.m.s.f.DefaultMavenResourcesFiltering - skip non existing resourceDirectory C:\Users\Ryu\Downloads\Graduation_Project-Frontend (1)\Graduation_Project-Frontend\loco\src\test\resources
2023-08-18 05:29:59,279 [Worker-112: Launching loco - LocoApplication] INFO  o.a.m.s.f.DefaultMavenResourcesFiltering - Copying 1 resource from src\main\resources to target\classes
2023-08-18 05:29:59,291 [Worker-112: Launching loco - LocoApplication] INFO  o.a.m.s.f.DefaultMavenResourcesFiltering - Copying 28 resources from src\main\resources to target\classes
2023-08-18 05:29:59,304 [Worker-112: Launching loco - LocoApplication] INFO  o.a.m.s.f.DefaultMavenResourcesFiltering - skip non existing resourceDirectory C:\Users\Ryu\Downloads\Graduation_Project-Frontend (1)\Graduation_Project-Frontend\loco\src\test\resources
2023-08-18 05:33:10,209 [Worker-113: Launching loco - LocoApplication] INFO  o.a.m.s.f.DefaultMavenResourcesFiltering - Copying 1 resource from src\main\resources to target\classes
2023-08-18 05:33:10,218 [Worker-113: Launching loco - LocoApplication] INFO  o.a.m.s.f.DefaultMavenResourcesFiltering - Copying 28 resources from src\main\resources to target\classes
2023-08-18 05:33:10,249 [Worker-113: Launching loco - LocoApplication] INFO  o.a.m.s.f.DefaultMavenResourcesFiltering - skip non existing resourceDirectory C:\Users\Ryu\Downloads\Graduation_Project-Frontend (1)\Graduation_Project-Frontend\loco\src\test\resources
2023-08-18 05:37:15,140 [Worker-120: Launching loco - LocoApplication] INFO  o.a.m.s.f.DefaultMavenResourcesFiltering - Copying 1 resource from src\main\resources to target\classes
2023-08-18 05:37:15,151 [Worker-120: Launching loco - LocoApplication] INFO  o.a.m.s.f.DefaultMavenResourcesFiltering - Copying 28 resources from src\main\resources to target\classes
2023-08-18 05:37:15,165 [Worker-120: Launching loco - LocoApplication] INFO  o.a.m.s.f.DefaultMavenResourcesFiltering - skip non existing resourceDirectory C:\Users\Ryu\Downloads\Graduation_Project-Frontend (1)\Graduation_Project-Frontend\loco\src\test\resources
2023-08-18 05:39:29,258 [Worker-123: Launching loco - LocoApplication] INFO  o.a.m.s.f.DefaultMavenResourcesFiltering - Copying 1 resource from src\main\resources to target\classes
2023-08-18 05:39:29,269 [Worker-123: Launching loco - LocoApplication] INFO  o.a.m.s.f.DefaultMavenResourcesFiltering - Copying 28 resources from src\main\resources to target\classes
2023-08-18 05:39:29,280 [Worker-123: Launching loco - LocoApplication] INFO  o.a.m.s.f.DefaultMavenResourcesFiltering - skip non existing resourceDirectory C:\Users\Ryu\Downloads\Graduation_Project-Frontend (1)\Graduation_Project-Frontend\loco\src\test\resources
2023-08-18 05:40:16,266 [Worker-126: Launching loco - LocoApplication] INFO  o.a.m.s.f.DefaultMavenResourcesFiltering - Copying 1 resource from src\main\resources to target\classes
2023-08-18 05:40:16,276 [Worker-126: Launching loco - LocoApplication] INFO  o.a.m.s.f.DefaultMavenResourcesFiltering - Copying 28 resources from src\main\resources to target\classes
2023-08-18 05:40:16,292 [Worker-126: Launching loco - LocoApplication] INFO  o.a.m.s.f.DefaultMavenResourcesFiltering - skip non existing resourceDirectory C:\Users\Ryu\Downloads\Graduation_Project-Frontend (1)\Graduation_Project-Frontend\loco\src\test\resources
2023-08-18 05:41:09,577 [Worker-128: Launching loco - LocoApplication] INFO  o.a.m.s.f.DefaultMavenResourcesFiltering - Copying 1 resource from src\main\resources to target\classes
2023-08-18 05:41:09,588 [Worker-128: Launching loco - LocoApplication] INFO  o.a.m.s.f.DefaultMavenResourcesFiltering - Copying 28 resources from src\main\resources to target\classes
2023-08-18 05:41:09,603 [Worker-128: Launching loco - LocoApplication] INFO  o.a.m.s.f.DefaultMavenResourcesFiltering - skip non existing resourceDirectory C:\Users\Ryu\Downloads\Graduation_Project-Frontend (1)\Graduation_Project-Frontend\loco\src\test\resources
2023-08-18 05:42:27,676 [Worker-129: Launching loco - LocoApplication] INFO  o.a.m.s.f.DefaultMavenResourcesFiltering - Copying 1 resource from src\main\resources to target\classes
2023-08-18 05:42:27,683 [Worker-129: Launching loco - LocoApplication] INFO  o.a.m.s.f.DefaultMavenResourcesFiltering - Copying 28 resources from src\main\resources to target\classes
2023-08-18 05:42:27,698 [Worker-129: Launching loco - LocoApplication] INFO  o.a.m.s.f.DefaultMavenResourcesFiltering - skip non existing resourceDirectory C:\Users\Ryu\Downloads\Graduation_Project-Frontend (1)\Graduation_Project-Frontend\loco\src\test\resources
2023-08-18 05:47:04,454 [Worker-127: Launching loco - LocoApplication] INFO  o.a.m.s.f.DefaultMavenResourcesFiltering - Copying 1 resource from src\main\resources to target\classes
2023-08-18 05:47:04,467 [Worker-127: Launching loco - LocoApplication] INFO  o.a.m.s.f.DefaultMavenResourcesFiltering - Copying 28 resources from src\main\resources to target\classes
2023-08-18 05:47:04,482 [Worker-127: Launching loco - LocoApplication] INFO  o.a.m.s.f.DefaultMavenResourcesFiltering - skip non existing resourceDirectory C:\Users\Ryu\Downloads\Graduation_Project-Frontend (1)\Graduation_Project-Frontend\loco\src\test\resources
2023-08-18 05:50:12,374 [Worker-139: Launching loco - LocoApplication] INFO  o.a.m.s.f.DefaultMavenResourcesFiltering - Copying 1 resource from src\main\resources to target\classes
2023-08-18 05:50:12,393 [Worker-139: Launching loco - LocoApplication] INFO  o.a.m.s.f.DefaultMavenResourcesFiltering - Copying 28 resources from src\main\resources to target\classes
2023-08-18 05:50:12,406 [Worker-139: Launching loco - LocoApplication] INFO  o.a.m.s.f.DefaultMavenResourcesFiltering - skip non existing resourceDirectory C:\Users\Ryu\Downloads\Graduation_Project-Frontend (1)\Graduation_Project-Frontend\loco\src\test\resources
2023-08-18 05:52:26,203 [Worker-140: Launching loco - LocoApplication] INFO  o.a.m.s.f.DefaultMavenResourcesFiltering - Copying 1 resource from src\main\resources to target\classes
2023-08-18 05:52:26,212 [Worker-140: Launching loco - LocoApplication] INFO  o.a.m.s.f.DefaultMavenResourcesFiltering - Copying 28 resources from src\main\resources to target\classes
2023-08-18 05:52:26,230 [Worker-140: Launching loco - LocoApplication] INFO  o.a.m.s.f.DefaultMavenResourcesFiltering - skip non existing resourceDirectory C:\Users\Ryu\Downloads\Graduation_Project-Frontend (1)\Graduation_Project-Frontend\loco\src\test\resources
2023-08-18 05:52:51,808 [Worker-137: Launching loco - LocoApplication] INFO  o.a.m.s.f.DefaultMavenResourcesFiltering - Copying 1 resource from src\main\resources to target\classes
2023-08-18 05:52:51,818 [Worker-137: Launching loco - LocoApplication] INFO  o.a.m.s.f.DefaultMavenResourcesFiltering - Copying 28 resources from src\main\resources to target\classes
2023-08-18 05:52:51,831 [Worker-137: Launching loco - LocoApplication] INFO  o.a.m.s.f.DefaultMavenResourcesFiltering - skip non existing resourceDirectory C:\Users\Ryu\Downloads\Graduation_Project-Frontend (1)\Graduation_Project-Frontend\loco\src\test\resources
2023-08-18 05:55:07,635 [Worker-145: Launching loco - LocoApplication] INFO  o.a.m.s.f.DefaultMavenResourcesFiltering - Copying 1 resource from src\main\resources to target\classes
2023-08-18 05:55:07,644 [Worker-145: Launching loco - LocoApplication] INFO  o.a.m.s.f.DefaultMavenResourcesFiltering - Copying 28 resources from src\main\resources to target\classes
2023-08-18 05:55:07,662 [Worker-145: Launching loco - LocoApplication] INFO  o.a.m.s.f.DefaultMavenResourcesFiltering - skip non existing resourceDirectory C:\Users\Ryu\Downloads\Graduation_Project-Frontend (1)\Graduation_Project-Frontend\loco\src\test\resources
2023-08-18 05:57:56,657 [Worker-148: Launching loco - LocoApplication] INFO  o.a.m.s.f.DefaultMavenResourcesFiltering - Copying 1 resource from src\main\resources to target\classes
2023-08-18 05:57:56,664 [Worker-148: Launching loco - LocoApplication] INFO  o.a.m.s.f.DefaultMavenResourcesFiltering - Copying 28 resources from src\main\resources to target\classes
2023-08-18 05:57:56,688 [Worker-148: Launching loco - LocoApplication] INFO  o.a.m.s.f.DefaultMavenResourcesFiltering - skip non existing resourceDirectory C:\Users\Ryu\Downloads\Graduation_Project-Frontend (1)\Graduation_Project-Frontend\loco\src\test\resources
2023-08-18 05:59:14,036 [Worker-150: Launching loco - LocoApplication] INFO  o.a.m.s.f.DefaultMavenResourcesFiltering - Copying 1 resource from src\main\resources to target\classes
2023-08-18 05:59:14,043 [Worker-150: Launching loco - LocoApplication] INFO  o.a.m.s.f.DefaultMavenResourcesFiltering - Copying 28 resources from src\main\resources to target\classes
2023-08-18 05:59:14,068 [Worker-150: Launching loco - LocoApplication] INFO  o.a.m.s.f.DefaultMavenResourcesFiltering - skip non existing resourceDirectory C:\Users\Ryu\Downloads\Graduation_Project-Frontend (1)\Graduation_Project-Frontend\loco\src\test\resources
2023-08-18 06:00:19,238 [Worker-153: Launching loco - LocoApplication] INFO  o.a.m.s.f.DefaultMavenResourcesFiltering - Copying 1 resource from src\main\resources to target\classes
2023-08-18 06:00:19,248 [Worker-153: Launching loco - LocoApplication] INFO  o.a.m.s.f.DefaultMavenResourcesFiltering - Copying 28 resources from src\main\resources to target\classes
2023-08-18 06:00:19,264 [Worker-153: Launching loco - LocoApplication] INFO  o.a.m.s.f.DefaultMavenResourcesFiltering - skip non existing resourceDirectory C:\Users\Ryu\Downloads\Graduation_Project-Frontend (1)\Graduation_Project-Frontend\loco\src\test\resources
2023-08-18 06:01:03,719 [Worker-148: Launching loco - LocoApplication] INFO  o.a.m.s.f.DefaultMavenResourcesFiltering - Copying 1 resource from src\main\resources to target\classes
2023-08-18 06:01:03,730 [Worker-148: Launching loco - LocoApplication] INFO  o.a.m.s.f.DefaultMavenResourcesFiltering - Copying 28 resources from src\main\resources to target\classes
2023-08-18 06:01:03,743 [Worker-148: Launching loco - LocoApplication] INFO  o.a.m.s.f.DefaultMavenResourcesFiltering - skip non existing resourceDirectory C:\Users\Ryu\Downloads\Graduation_Project-Frontend (1)\Graduation_Project-Frontend\loco\src\test\resources
2023-08-18 06:09:43,726 [Worker-152: Launching loco - LocoApplication] INFO  o.a.m.s.f.DefaultMavenResourcesFiltering - Copying 1 resource from src\main\resources to target\classes
2023-08-18 06:09:43,738 [Worker-152: Launching loco - LocoApplication] INFO  o.a.m.s.f.DefaultMavenResourcesFiltering - Copying 28 resources from src\main\resources to target\classes
2023-08-18 06:09:43,753 [Worker-152: Launching loco - LocoApplication] INFO  o.a.m.s.f.DefaultMavenResourcesFiltering - skip non existing resourceDirectory C:\Users\Ryu\Downloads\Graduation_Project-Frontend (1)\Graduation_Project-Frontend\loco\src\test\resources
2023-08-18 06:12:28,440 [Worker-160: Launching loco - LocoApplication] INFO  o.a.m.s.f.DefaultMavenResourcesFiltering - Copying 1 resource from src\main\resources to target\classes
2023-08-18 06:12:28,448 [Worker-160: Launching loco - LocoApplication] INFO  o.a.m.s.f.DefaultMavenResourcesFiltering - Copying 28 resources from src\main\resources to target\classes
2023-08-18 06:12:28,461 [Worker-160: Launching loco - LocoApplication] INFO  o.a.m.s.f.DefaultMavenResourcesFiltering - skip non existing resourceDirectory C:\Users\Ryu\Downloads\Graduation_Project-Frontend (1)\Graduation_Project-Frontend\loco\src\test\resources
2023-08-18 06:13:10,096 [Worker-158: Launching loco - LocoApplication] INFO  o.a.m.s.f.DefaultMavenResourcesFiltering - Copying 1 resource from src\main\resources to target\classes
2023-08-18 06:13:10,104 [Worker-158: Launching loco - LocoApplication] INFO  o.a.m.s.f.DefaultMavenResourcesFiltering - Copying 28 resources from src\main\resources to target\classes
2023-08-18 06:13:10,117 [Worker-158: Launching loco - LocoApplication] INFO  o.a.m.s.f.DefaultMavenResourcesFiltering - skip non existing resourceDirectory C:\Users\Ryu\Downloads\Graduation_Project-Frontend (1)\Graduation_Project-Frontend\loco\src\test\resources
2023-08-18 06:13:30,377 [Worker-152: Launching loco - LocoApplication] INFO  o.a.m.s.f.DefaultMavenResourcesFiltering - Copying 1 resource from src\main\resources to target\classes
2023-08-18 06:13:30,386 [Worker-152: Launching loco - LocoApplication] INFO  o.a.m.s.f.DefaultMavenResourcesFiltering - Copying 28 resources from src\main\resources to target\classes
2023-08-18 06:13:30,398 [Worker-152: Launching loco - LocoApplication] INFO  o.a.m.s.f.DefaultMavenResourcesFiltering - skip non existing resourceDirectory C:\Users\Ryu\Downloads\Graduation_Project-Frontend (1)\Graduation_Project-Frontend\loco\src\test\resources
2023-08-18 06:14:28,609 [Worker-156: Launching loco - LocoApplication] INFO  o.a.m.s.f.DefaultMavenResourcesFiltering - Copying 1 resource from src\main\resources to target\classes
2023-08-18 06:14:28,617 [Worker-156: Launching loco - LocoApplication] INFO  o.a.m.s.f.DefaultMavenResourcesFiltering - Copying 28 resources from src\main\resources to target\classes
2023-08-18 06:14:28,630 [Worker-156: Launching loco - LocoApplication] INFO  o.a.m.s.f.DefaultMavenResourcesFiltering - skip non existing resourceDirectory C:\Users\Ryu\Downloads\Graduation_Project-Frontend (1)\Graduation_Project-Frontend\loco\src\test\resources
2023-08-18 06:17:38,019 [Worker-160: Launching loco - LocoApplication] INFO  o.a.m.s.f.DefaultMavenResourcesFiltering - Copying 1 resource from src\main\resources to target\classes
2023-08-18 06:17:38,028 [Worker-160: Launching loco - LocoApplication] INFO  o.a.m.s.f.DefaultMavenResourcesFiltering - Copying 28 resources from src\main\resources to target\classes
2023-08-18 06:17:38,041 [Worker-160: Launching loco - LocoApplication] INFO  o.a.m.s.f.DefaultMavenResourcesFiltering - skip non existing resourceDirectory C:\Users\Ryu\Downloads\Graduation_Project-Frontend (1)\Graduation_Project-Frontend\loco\src\test\resources
2023-08-18 06:19:21,062 [Worker-167: Launching loco - LocoApplication] INFO  o.a.m.s.f.DefaultMavenResourcesFiltering - Copying 1 resource from src\main\resources to target\classes
2023-08-18 06:19:21,072 [Worker-167: Launching loco - LocoApplication] INFO  o.a.m.s.f.DefaultMavenResourcesFiltering - Copying 28 resources from src\main\resources to target\classes
2023-08-18 06:19:21,085 [Worker-167: Launching loco - LocoApplication] INFO  o.a.m.s.f.DefaultMavenResourcesFiltering - skip non existing resourceDirectory C:\Users\Ryu\Downloads\Graduation_Project-Frontend (1)\Graduation_Project-Frontend\loco\src\test\resources
2023-08-18 06:20:39,669 [Worker-167: Launching loco - LocoApplication] INFO  o.a.m.s.f.DefaultMavenResourcesFiltering - Copying 1 resource from src\main\resources to target\classes
2023-08-18 06:20:39,678 [Worker-167: Launching loco - LocoApplication] INFO  o.a.m.s.f.DefaultMavenResourcesFiltering - Copying 28 resources from src\main\resources to target\classes
2023-08-18 06:20:39,692 [Worker-167: Launching loco - LocoApplication] INFO  o.a.m.s.f.DefaultMavenResourcesFiltering - skip non existing resourceDirectory C:\Users\Ryu\Downloads\Graduation_Project-Frontend (1)\Graduation_Project-Frontend\loco\src\test\resources
2023-08-18 06:21:02,815 [Worker-173: Launching loco - LocoApplication] INFO  o.a.m.s.f.DefaultMavenResourcesFiltering - Copying 1 resource from src\main\resources to target\classes
2023-08-18 06:21:02,825 [Worker-173: Launching loco - LocoApplication] INFO  o.a.m.s.f.DefaultMavenResourcesFiltering - Copying 28 resources from src\main\resources to target\classes
2023-08-18 06:21:02,837 [Worker-173: Launching loco - LocoApplication] INFO  o.a.m.s.f.DefaultMavenResourcesFiltering - skip non existing resourceDirectory C:\Users\Ryu\Downloads\Graduation_Project-Frontend (1)\Graduation_Project-Frontend\loco\src\test\resources
2023-08-18 06:24:37,318 [Worker-169: Launching loco - LocoApplication] INFO  o.a.m.s.f.DefaultMavenResourcesFiltering - Copying 1 resource from src\main\resources to target\classes
2023-08-18 06:24:37,330 [Worker-169: Launching loco - LocoApplication] INFO  o.a.m.s.f.DefaultMavenResourcesFiltering - Copying 28 resources from src\main\resources to target\classes
2023-08-18 06:24:37,342 [Worker-169: Launching loco - LocoApplication] INFO  o.a.m.s.f.DefaultMavenResourcesFiltering - skip non existing resourceDirectory C:\Users\Ryu\Downloads\Graduation_Project-Frontend (1)\Graduation_Project-Frontend\loco\src\test\resources
2023-08-18 06:24:56,596 [Worker-176: Launching loco - LocoApplication] INFO  o.a.m.s.f.DefaultMavenResourcesFiltering - Copying 1 resource from src\main\resources to target\classes
2023-08-18 06:24:56,609 [Worker-176: Launching loco - LocoApplication] INFO  o.a.m.s.f.DefaultMavenResourcesFiltering - Copying 28 resources from src\main\resources to target\classes
2023-08-18 06:24:56,624 [Worker-176: Launching loco - LocoApplication] INFO  o.a.m.s.f.DefaultMavenResourcesFiltering - skip non existing resourceDirectory C:\Users\Ryu\Downloads\Graduation_Project-Frontend (1)\Graduation_Project-Frontend\loco\src\test\resources
2023-08-18 06:32:11,712 [Worker-168: Launching loco - LocoApplication] INFO  o.a.m.s.f.DefaultMavenResourcesFiltering - Copying 1 resource from src\main\resources to target\classes
2023-08-18 06:32:11,723 [Worker-168: Launching loco - LocoApplication] INFO  o.a.m.s.f.DefaultMavenResourcesFiltering - Copying 28 resources from src\main\resources to target\classes
2023-08-18 06:32:11,736 [Worker-168: Launching loco - LocoApplication] INFO  o.a.m.s.f.DefaultMavenResourcesFiltering - skip non existing resourceDirectory C:\Users\Ryu\Downloads\Graduation_Project-Frontend (1)\Graduation_Project-Frontend\loco\src\test\resources
2023-08-18 06:32:36,857 [Worker-182: Launching loco - LocoApplication] INFO  o.a.m.s.f.DefaultMavenResourcesFiltering - Copying 1 resource from src\main\resources to target\classes
2023-08-18 06:32:36,867 [Worker-182: Launching loco - LocoApplication] INFO  o.a.m.s.f.DefaultMavenResourcesFiltering - Copying 28 resources from src\main\resources to target\classes
2023-08-18 06:32:36,878 [Worker-182: Launching loco - LocoApplication] INFO  o.a.m.s.f.DefaultMavenResourcesFiltering - skip non existing resourceDirectory C:\Users\Ryu\Downloads\Graduation_Project-Frontend (1)\Graduation_Project-Frontend\loco\src\test\resources
2023-08-18 06:34:43,905 [Worker-179: Launching loco - LocoApplication] INFO  o.a.m.s.f.DefaultMavenResourcesFiltering - Copying 1 resource from src\main\resources to target\classes
2023-08-18 06:34:43,916 [Worker-179: Launching loco - LocoApplication] INFO  o.a.m.s.f.DefaultMavenResourcesFiltering - Copying 28 resources from src\main\resources to target\classes
2023-08-18 06:34:43,930 [Worker-179: Launching loco - LocoApplication] INFO  o.a.m.s.f.DefaultMavenResourcesFiltering - skip non existing resourceDirectory C:\Users\Ryu\Downloads\Graduation_Project-Frontend (1)\Graduation_Project-Frontend\loco\src\test\resources
2023-08-18 06:35:22,868 [Worker-188: Launching loco - LocoApplication] INFO  o.a.m.s.f.DefaultMavenResourcesFiltering - Copying 1 resource from src\main\resources to target\classes
2023-08-18 06:35:22,876 [Worker-188: Launching loco - LocoApplication] INFO  o.a.m.s.f.DefaultMavenResourcesFiltering - Copying 28 resources from src\main\resources to target\classes
2023-08-18 06:35:22,888 [Worker-188: Launching loco - LocoApplication] INFO  o.a.m.s.f.DefaultMavenResourcesFiltering - skip non existing resourceDirectory C:\Users\Ryu\Downloads\Graduation_Project-Frontend (1)\Graduation_Project-Frontend\loco\src\test\resources
2023-08-18 06:36:09,577 [Worker-185: Launching loco - LocoApplication] INFO  o.a.m.s.f.DefaultMavenResourcesFiltering - Copying 1 resource from src\main\resources to target\classes
2023-08-18 06:36:09,584 [Worker-185: Launching loco - LocoApplication] INFO  o.a.m.s.f.DefaultMavenResourcesFiltering - Copying 28 resources from src\main\resources to target\classes
2023-08-18 06:36:09,610 [Worker-185: Launching loco - LocoApplication] INFO  o.a.m.s.f.DefaultMavenResourcesFiltering - skip non existing resourceDirectory C:\Users\Ryu\Downloads\Graduation_Project-Frontend (1)\Graduation_Project-Frontend\loco\src\test\resources
2023-08-18 06:38:18,517 [Worker-191: Building] INFO  o.a.m.s.f.DefaultMavenResourcesFiltering - Copying 1 resource from src\main\resources to target\classes
2023-08-18 06:38:18,525 [Worker-191: Building] INFO  o.a.m.s.f.DefaultMavenResourcesFiltering - Copying 28 resources from src\main\resources to target\classes
2023-08-18 06:38:18,537 [Worker-191: Building] INFO  o.a.m.s.f.DefaultMavenResourcesFiltering - skip non existing resourceDirectory C:\Users\Ryu\Downloads\Graduation_Project-Frontend (1)\Graduation_Project-Frontend\loco\src\test\resources
2023-08-18 06:45:16,994 [Worker-4: Loading available Gradle versions] INFO  o.e.b.c.i.u.g.PublishedGradleVersions - Gradle version information cache is up-to-date. Trying to read.
